{"/home/rosita/SE2/PULSeBS/client/src/App.js": {"path":"/home/rosita/SE2/PULSeBS/client/src/App.js","statementMap":{"0":{"start":{"line":21,"column":4},"end":{"line":21,"column":17}},"1":{"start":{"line":22,"column":4},"end":{"line":22,"column":99}},"2":{"start":{"line":38,"column":4},"end":{"line":43,"column":5}},"3":{"start":{"line":39,"column":8},"end":{"line":42,"column":9}},"4":{"start":{"line":40,"column":10},"end":{"line":40,"column":49}},"5":{"start":{"line":41,"column":10},"end":{"line":41,"column":44}},"6":{"start":{"line":47,"column":11},"end":{"line":52,"column":3}},"7":{"start":{"line":48,"column":4},"end":{"line":51,"column":7}},"8":{"start":{"line":49,"column":6},"end":{"line":49,"column":65}},"9":{"start":{"line":50,"column":6},"end":{"line":50,"column":70}},"10":{"start":{"line":50,"column":40},"end":{"line":50,"column":67}},"11":{"start":{"line":55,"column":10},"end":{"line":63,"column":3}},"12":{"start":{"line":56,"column":4},"end":{"line":62,"column":6}},"13":{"start":{"line":59,"column":21},"end":{"line":59,"column":39}},"14":{"start":{"line":60,"column":8},"end":{"line":60,"column":39}},"15":{"start":{"line":65,"column":16},"end":{"line":67,"column":3}},"16":{"start":{"line":66,"column":4},"end":{"line":66,"column":72}},"17":{"start":{"line":66,"column":30},"end":{"line":66,"column":69}},"18":{"start":{"line":71,"column":18},"end":{"line":76,"column":5}},"19":{"start":{"line":77,"column":4},"end":{"line":114,"column":6}}},"fnMap":{"0":{"name":"(anonymous_0)","decl":{"start":{"line":20,"column":2},"end":{"line":20,"column":3}},"loc":{"start":{"line":20,"column":22},"end":{"line":23,"column":3}},"line":20},"1":{"name":"(anonymous_1)","decl":{"start":{"line":25,"column":2},"end":{"line":25,"column":3}},"loc":{"start":{"line":25,"column":22},"end":{"line":35,"column":3}},"line":25},"2":{"name":"(anonymous_2)","decl":{"start":{"line":37,"column":2},"end":{"line":37,"column":3}},"loc":{"start":{"line":37,"column":20},"end":{"line":44,"column":1}},"line":37},"3":{"name":"(anonymous_3)","decl":{"start":{"line":47,"column":11},"end":{"line":47,"column":12}},"loc":{"start":{"line":47,"column":17},"end":{"line":52,"column":3}},"line":47},"4":{"name":"(anonymous_4)","decl":{"start":{"line":48,"column":26},"end":{"line":48,"column":27}},"loc":{"start":{"line":48,"column":32},"end":{"line":51,"column":5}},"line":48},"5":{"name":"(anonymous_5)","decl":{"start":{"line":50,"column":27},"end":{"line":50,"column":28}},"loc":{"start":{"line":50,"column":39},"end":{"line":50,"column":68}},"line":50},"6":{"name":"(anonymous_6)","decl":{"start":{"line":55,"column":10},"end":{"line":55,"column":11}},"loc":{"start":{"line":55,"column":34},"end":{"line":63,"column":3}},"line":55},"7":{"name":"(anonymous_7)","decl":{"start":{"line":58,"column":6},"end":{"line":58,"column":7}},"loc":{"start":{"line":58,"column":20},"end":{"line":61,"column":7}},"line":58},"8":{"name":"(anonymous_8)","decl":{"start":{"line":65,"column":16},"end":{"line":65,"column":17}},"loc":{"start":{"line":65,"column":22},"end":{"line":67,"column":3}},"line":65},"9":{"name":"(anonymous_9)","decl":{"start":{"line":66,"column":18},"end":{"line":66,"column":19}},"loc":{"start":{"line":66,"column":30},"end":{"line":66,"column":69}},"line":66},"10":{"name":"(anonymous_10)","decl":{"start":{"line":69,"column":2},"end":{"line":69,"column":3}},"loc":{"start":{"line":69,"column":11},"end":{"line":115,"column":3}},"line":69}},"branchMap":{"0":{"loc":{"start":{"line":38,"column":4},"end":{"line":43,"column":5}},"type":"if","locations":[{"start":{"line":38,"column":4},"end":{"line":43,"column":5}},{"start":{"line":38,"column":4},"end":{"line":43,"column":5}}],"line":38},"1":{"loc":{"start":{"line":39,"column":8},"end":{"line":42,"column":9}},"type":"if","locations":[{"start":{"line":39,"column":8},"end":{"line":42,"column":9}},{"start":{"line":39,"column":8},"end":{"line":42,"column":9}}],"line":39},"2":{"loc":{"start":{"line":39,"column":12},"end":{"line":39,"column":44}},"type":"binary-expr","locations":[{"start":{"line":39,"column":12},"end":{"line":39,"column":22}},{"start":{"line":39,"column":26},"end":{"line":39,"column":44}}],"line":39}},"s":{"0":0,"1":0,"2":0,"3":0,"4":0,"5":0,"6":0,"7":0,"8":0,"9":0,"10":0,"11":0,"12":0,"13":0,"14":0,"15":0,"16":0,"17":0,"18":0,"19":0},"f":{"0":0,"1":0,"2":0,"3":0,"4":0,"5":0,"6":0,"7":0,"8":0,"9":0,"10":0},"b":{"0":[0,0],"1":[0,0],"2":[0,0]},"hash":"247027a21722cde4530f6f670d4c3e3e4b1278fa"}
,"/home/rosita/SE2/PULSeBS/client/src/index.js": {"path":"/home/rosita/SE2/PULSeBS/client/src/index.js","statementMap":{"0":{"start":{"line":8,"column":0},"end":{"line":15,"column":2}},"1":{"start":{"line":20,"column":0},"end":{"line":20,"column":27}}},"fnMap":{},"branchMap":{},"s":{"0":0,"1":0},"f":{},"b":{},"hash":"2c5d166ec912ed678eddd18415ee2a8418b81933"}
,"/home/rosita/SE2/PULSeBS/client/src/serviceWorker.js": {"path":"/home/rosita/SE2/PULSeBS/client/src/serviceWorker.js","statementMap":{"0":{"start":{"line":13,"column":20},"end":{"line":21,"column":1}},"1":{"start":{"line":24,"column":2},"end":{"line":54,"column":3}},"2":{"start":{"line":26,"column":22},"end":{"line":26,"column":75}},"3":{"start":{"line":27,"column":4},"end":{"line":32,"column":5}},"4":{"start":{"line":31,"column":6},"end":{"line":31,"column":13}},"5":{"start":{"line":34,"column":4},"end":{"line":53,"column":7}},"6":{"start":{"line":35,"column":20},"end":{"line":35,"column":65}},"7":{"start":{"line":37,"column":6},"end":{"line":52,"column":7}},"8":{"start":{"line":39,"column":8},"end":{"line":39,"column":47}},"9":{"start":{"line":43,"column":8},"end":{"line":48,"column":11}},"10":{"start":{"line":44,"column":10},"end":{"line":47,"column":12}},"11":{"start":{"line":51,"column":8},"end":{"line":51,"column":39}},"12":{"start":{"line":58,"column":2},"end":{"line":98,"column":7}},"13":{"start":{"line":61,"column":6},"end":{"line":94,"column":8}},"14":{"start":{"line":62,"column":33},"end":{"line":62,"column":56}},"15":{"start":{"line":63,"column":8},"end":{"line":65,"column":9}},"16":{"start":{"line":64,"column":10},"end":{"line":64,"column":17}},"17":{"start":{"line":66,"column":8},"end":{"line":93,"column":10}},"18":{"start":{"line":67,"column":10},"end":{"line":92,"column":11}},"19":{"start":{"line":68,"column":12},"end":{"line":91,"column":13}},"20":{"start":{"line":72,"column":14},"end":{"line":75,"column":16}},"21":{"start":{"line":78,"column":14},"end":{"line":80,"column":15}},"22":{"start":{"line":79,"column":16},"end":{"line":79,"column":46}},"23":{"start":{"line":85,"column":14},"end":{"line":85,"column":64}},"24":{"start":{"line":88,"column":14},"end":{"line":90,"column":15}},"25":{"start":{"line":89,"column":16},"end":{"line":89,"column":47}},"26":{"start":{"line":97,"column":6},"end":{"line":97,"column":72}},"27":{"start":{"line":103,"column":2},"end":{"line":128,"column":7}},"28":{"start":{"line":108,"column":26},"end":{"line":108,"column":62}},"29":{"start":{"line":109,"column":6},"end":{"line":122,"column":7}},"30":{"start":{"line":114,"column":8},"end":{"line":118,"column":11}},"31":{"start":{"line":115,"column":10},"end":{"line":117,"column":13}},"32":{"start":{"line":116,"column":12},"end":{"line":116,"column":37}},"33":{"start":{"line":121,"column":8},"end":{"line":121,"column":39}},"34":{"start":{"line":125,"column":6},"end":{"line":127,"column":8}},"35":{"start":{"line":132,"column":2},"end":{"line":140,"column":3}},"36":{"start":{"line":133,"column":4},"end":{"line":139,"column":9}},"37":{"start":{"line":135,"column":8},"end":{"line":135,"column":34}},"38":{"start":{"line":138,"column":8},"end":{"line":138,"column":37}}},"fnMap":{"0":{"name":"register","decl":{"start":{"line":23,"column":16},"end":{"line":23,"column":24}},"loc":{"start":{"line":23,"column":33},"end":{"line":55,"column":1}},"line":23},"1":{"name":"(anonymous_1)","decl":{"start":{"line":34,"column":36},"end":{"line":34,"column":37}},"loc":{"start":{"line":34,"column":42},"end":{"line":53,"column":5}},"line":34},"2":{"name":"(anonymous_2)","decl":{"start":{"line":43,"column":43},"end":{"line":43,"column":44}},"loc":{"start":{"line":43,"column":49},"end":{"line":48,"column":9}},"line":43},"3":{"name":"registerValidSW","decl":{"start":{"line":57,"column":9},"end":{"line":57,"column":24}},"loc":{"start":{"line":57,"column":40},"end":{"line":99,"column":1}},"line":57},"4":{"name":"(anonymous_4)","decl":{"start":{"line":60,"column":10},"end":{"line":60,"column":11}},"loc":{"start":{"line":60,"column":26},"end":{"line":95,"column":5}},"line":60},"5":{"name":"(anonymous_5)","decl":{"start":{"line":61,"column":35},"end":{"line":61,"column":36}},"loc":{"start":{"line":61,"column":41},"end":{"line":94,"column":7}},"line":61},"6":{"name":"(anonymous_6)","decl":{"start":{"line":66,"column":41},"end":{"line":66,"column":42}},"loc":{"start":{"line":66,"column":47},"end":{"line":93,"column":9}},"line":66},"7":{"name":"(anonymous_7)","decl":{"start":{"line":96,"column":11},"end":{"line":96,"column":12}},"loc":{"start":{"line":96,"column":20},"end":{"line":98,"column":5}},"line":96},"8":{"name":"checkValidServiceWorker","decl":{"start":{"line":101,"column":9},"end":{"line":101,"column":32}},"loc":{"start":{"line":101,"column":48},"end":{"line":129,"column":1}},"line":101},"9":{"name":"(anonymous_9)","decl":{"start":{"line":106,"column":10},"end":{"line":106,"column":11}},"loc":{"start":{"line":106,"column":22},"end":{"line":123,"column":5}},"line":106},"10":{"name":"(anonymous_10)","decl":{"start":{"line":114,"column":43},"end":{"line":114,"column":44}},"loc":{"start":{"line":114,"column":59},"end":{"line":118,"column":9}},"line":114},"11":{"name":"(anonymous_11)","decl":{"start":{"line":115,"column":41},"end":{"line":115,"column":42}},"loc":{"start":{"line":115,"column":47},"end":{"line":117,"column":11}},"line":115},"12":{"name":"(anonymous_12)","decl":{"start":{"line":124,"column":11},"end":{"line":124,"column":12}},"loc":{"start":{"line":124,"column":17},"end":{"line":128,"column":5}},"line":124},"13":{"name":"unregister","decl":{"start":{"line":131,"column":16},"end":{"line":131,"column":26}},"loc":{"start":{"line":131,"column":29},"end":{"line":141,"column":1}},"line":131},"14":{"name":"(anonymous_14)","decl":{"start":{"line":134,"column":12},"end":{"line":134,"column":13}},"loc":{"start":{"line":134,"column":28},"end":{"line":136,"column":7}},"line":134},"15":{"name":"(anonymous_15)","decl":{"start":{"line":137,"column":13},"end":{"line":137,"column":14}},"loc":{"start":{"line":137,"column":22},"end":{"line":139,"column":7}},"line":137}},"branchMap":{"0":{"loc":{"start":{"line":14,"column":2},"end":{"line":20,"column":5}},"type":"binary-expr","locations":[{"start":{"line":14,"column":2},"end":{"line":14,"column":42}},{"start":{"line":16,"column":4},"end":{"line":16,"column":40}},{"start":{"line":18,"column":4},"end":{"line":20,"column":5}}],"line":14},"1":{"loc":{"start":{"line":24,"column":2},"end":{"line":54,"column":3}},"type":"if","locations":[{"start":{"line":24,"column":2},"end":{"line":54,"column":3}},{"start":{"line":24,"column":2},"end":{"line":54,"column":3}}],"line":24},"2":{"loc":{"start":{"line":24,"column":6},"end":{"line":24,"column":75}},"type":"binary-expr","locations":[{"start":{"line":24,"column":6},"end":{"line":24,"column":43}},{"start":{"line":24,"column":47},"end":{"line":24,"column":75}}],"line":24},"3":{"loc":{"start":{"line":27,"column":4},"end":{"line":32,"column":5}},"type":"if","locations":[{"start":{"line":27,"column":4},"end":{"line":32,"column":5}},{"start":{"line":27,"column":4},"end":{"line":32,"column":5}}],"line":27},"4":{"loc":{"start":{"line":37,"column":6},"end":{"line":52,"column":7}},"type":"if","locations":[{"start":{"line":37,"column":6},"end":{"line":52,"column":7}},{"start":{"line":37,"column":6},"end":{"line":52,"column":7}}],"line":37},"5":{"loc":{"start":{"line":63,"column":8},"end":{"line":65,"column":9}},"type":"if","locations":[{"start":{"line":63,"column":8},"end":{"line":65,"column":9}},{"start":{"line":63,"column":8},"end":{"line":65,"column":9}}],"line":63},"6":{"loc":{"start":{"line":67,"column":10},"end":{"line":92,"column":11}},"type":"if","locations":[{"start":{"line":67,"column":10},"end":{"line":92,"column":11}},{"start":{"line":67,"column":10},"end":{"line":92,"column":11}}],"line":67},"7":{"loc":{"start":{"line":68,"column":12},"end":{"line":91,"column":13}},"type":"if","locations":[{"start":{"line":68,"column":12},"end":{"line":91,"column":13}},{"start":{"line":68,"column":12},"end":{"line":91,"column":13}}],"line":68},"8":{"loc":{"start":{"line":78,"column":14},"end":{"line":80,"column":15}},"type":"if","locations":[{"start":{"line":78,"column":14},"end":{"line":80,"column":15}},{"start":{"line":78,"column":14},"end":{"line":80,"column":15}}],"line":78},"9":{"loc":{"start":{"line":78,"column":18},"end":{"line":78,"column":43}},"type":"binary-expr","locations":[{"start":{"line":78,"column":18},"end":{"line":78,"column":24}},{"start":{"line":78,"column":28},"end":{"line":78,"column":43}}],"line":78},"10":{"loc":{"start":{"line":88,"column":14},"end":{"line":90,"column":15}},"type":"if","locations":[{"start":{"line":88,"column":14},"end":{"line":90,"column":15}},{"start":{"line":88,"column":14},"end":{"line":90,"column":15}}],"line":88},"11":{"loc":{"start":{"line":88,"column":18},"end":{"line":88,"column":44}},"type":"binary-expr","locations":[{"start":{"line":88,"column":18},"end":{"line":88,"column":24}},{"start":{"line":88,"column":28},"end":{"line":88,"column":44}}],"line":88},"12":{"loc":{"start":{"line":109,"column":6},"end":{"line":122,"column":7}},"type":"if","locations":[{"start":{"line":109,"column":6},"end":{"line":122,"column":7}},{"start":{"line":109,"column":6},"end":{"line":122,"column":7}}],"line":109},"13":{"loc":{"start":{"line":110,"column":8},"end":{"line":111,"column":73}},"type":"binary-expr","locations":[{"start":{"line":110,"column":8},"end":{"line":110,"column":31}},{"start":{"line":111,"column":9},"end":{"line":111,"column":28}},{"start":{"line":111,"column":32},"end":{"line":111,"column":72}}],"line":110},"14":{"loc":{"start":{"line":132,"column":2},"end":{"line":140,"column":3}},"type":"if","locations":[{"start":{"line":132,"column":2},"end":{"line":140,"column":3}},{"start":{"line":132,"column":2},"end":{"line":140,"column":3}}],"line":132}},"s":{"0":0,"1":0,"2":0,"3":0,"4":0,"5":0,"6":0,"7":0,"8":0,"9":0,"10":0,"11":0,"12":0,"13":0,"14":0,"15":0,"16":0,"17":0,"18":0,"19":0,"20":0,"21":0,"22":0,"23":0,"24":0,"25":0,"26":0,"27":0,"28":0,"29":0,"30":0,"31":0,"32":0,"33":0,"34":0,"35":0,"36":0,"37":0,"38":0},"f":{"0":0,"1":0,"2":0,"3":0,"4":0,"5":0,"6":0,"7":0,"8":0,"9":0,"10":0,"11":0,"12":0,"13":0,"14":0,"15":0},"b":{"0":[0,0,0],"1":[0,0],"2":[0,0],"3":[0,0],"4":[0,0],"5":[0,0],"6":[0,0],"7":[0,0],"8":[0,0],"9":[0,0],"10":[0,0],"11":[0,0],"12":[0,0],"13":[0,0,0],"14":[0,0]},"hash":"2e1b2536fd4fac9874c174c77c6e63a9b01ca2b4"}
,"/home/rosita/SE2/PULSeBS/client/src/api/API.js": {"path":"/home/rosita/SE2/PULSeBS/client/src/api/API.js","statementMap":{"0":{"start":{"line":7,"column":16},"end":{"line":7,"column":18}},"1":{"start":{"line":27,"column":14},"end":{"line":27,"column":25}},"2":{"start":{"line":28,"column":4},"end":{"line":37,"column":5}},"3":{"start":{"line":29,"column":8},"end":{"line":36,"column":9}},"4":{"start":{"line":31,"column":16},"end":{"line":31,"column":54}},"5":{"start":{"line":32,"column":16},"end":{"line":32,"column":22}},"6":{"start":{"line":34,"column":16},"end":{"line":34,"column":53}},"7":{"start":{"line":35,"column":16},"end":{"line":35,"column":22}},"8":{"start":{"line":39,"column":23},"end":{"line":39,"column":25}},"9":{"start":{"line":40,"column":4},"end":{"line":45,"column":5}},"10":{"start":{"line":41,"column":8},"end":{"line":42,"column":59}},"11":{"start":{"line":42,"column":12},"end":{"line":42,"column":59}},"12":{"start":{"line":43,"column":8},"end":{"line":44,"column":55}},"13":{"start":{"line":44,"column":12},"end":{"line":44,"column":55}},"14":{"start":{"line":46,"column":21},"end":{"line":57,"column":6}},"15":{"start":{"line":47,"column":8},"end":{"line":56,"column":9}},"16":{"start":{"line":48,"column":22},"end":{"line":48,"column":84}},"17":{"start":{"line":49,"column":12},"end":{"line":49,"column":22}},"18":{"start":{"line":50,"column":15},"end":{"line":56,"column":9}},"19":{"start":{"line":52,"column":12},"end":{"line":52,"column":39}},"20":{"start":{"line":55,"column":12},"end":{"line":55,"column":48}},"21":{"start":{"line":58,"column":4},"end":{"line":65,"column":5}},"22":{"start":{"line":59,"column":8},"end":{"line":61,"column":106}},"23":{"start":{"line":60,"column":19},"end":{"line":61,"column":104}},"24":{"start":{"line":63,"column":18},"end":{"line":63,"column":68}},"25":{"start":{"line":64,"column":8},"end":{"line":64,"column":18}},"26":{"start":{"line":75,"column":16},"end":{"line":75,"column":32}},"27":{"start":{"line":76,"column":21},"end":{"line":85,"column":6}},"28":{"start":{"line":77,"column":8},"end":{"line":84,"column":9}},"29":{"start":{"line":78,"column":22},"end":{"line":78,"column":84}},"30":{"start":{"line":79,"column":12},"end":{"line":79,"column":22}},"31":{"start":{"line":80,"column":15},"end":{"line":84,"column":9}},"32":{"start":{"line":81,"column":12},"end":{"line":81,"column":39}},"33":{"start":{"line":83,"column":12},"end":{"line":83,"column":48}},"34":{"start":{"line":86,"column":4},"end":{"line":93,"column":5}},"35":{"start":{"line":87,"column":24},"end":{"line":87,"column":37}},"36":{"start":{"line":88,"column":8},"end":{"line":89,"column":137}},"37":{"start":{"line":91,"column":18},"end":{"line":91,"column":68}},"38":{"start":{"line":92,"column":8},"end":{"line":92,"column":18}},"39":{"start":{"line":103,"column":14},"end":{"line":103,"column":48}},"40":{"start":{"line":105,"column":21},"end":{"line":116,"column":6}},"41":{"start":{"line":106,"column":8},"end":{"line":115,"column":9}},"42":{"start":{"line":107,"column":22},"end":{"line":107,"column":84}},"43":{"start":{"line":108,"column":12},"end":{"line":108,"column":22}},"44":{"start":{"line":109,"column":15},"end":{"line":115,"column":9}},"45":{"start":{"line":111,"column":12},"end":{"line":111,"column":39}},"46":{"start":{"line":114,"column":12},"end":{"line":114,"column":48}},"47":{"start":{"line":117,"column":4},"end":{"line":123,"column":5}},"48":{"start":{"line":118,"column":8},"end":{"line":119,"column":110}},"49":{"start":{"line":119,"column":19},"end":{"line":119,"column":108}},"50":{"start":{"line":121,"column":18},"end":{"line":121,"column":68}},"51":{"start":{"line":122,"column":8},"end":{"line":122,"column":18}},"52":{"start":{"line":134,"column":14},"end":{"line":134,"column":48}},"53":{"start":{"line":136,"column":21},"end":{"line":149,"column":6}},"54":{"start":{"line":139,"column":8},"end":{"line":148,"column":9}},"55":{"start":{"line":140,"column":22},"end":{"line":140,"column":84}},"56":{"start":{"line":141,"column":12},"end":{"line":141,"column":22}},"57":{"start":{"line":142,"column":15},"end":{"line":148,"column":9}},"58":{"start":{"line":144,"column":12},"end":{"line":144,"column":39}},"59":{"start":{"line":147,"column":12},"end":{"line":147,"column":48}},"60":{"start":{"line":150,"column":4},"end":{"line":156,"column":5}},"61":{"start":{"line":151,"column":24},"end":{"line":151,"column":37}},"62":{"start":{"line":152,"column":8},"end":{"line":152,"column":141}},"63":{"start":{"line":154,"column":18},"end":{"line":154,"column":68}},"64":{"start":{"line":155,"column":8},"end":{"line":155,"column":18}},"65":{"start":{"line":159,"column":12},"end":{"line":159,"column":65}}},"fnMap":{"0":{"name":"getLectures","decl":{"start":{"line":26,"column":15},"end":{"line":26,"column":26}},"loc":{"start":{"line":26,"column":112},"end":{"line":66,"column":1}},"line":26},"1":{"name":"(anonymous_1)","decl":{"start":{"line":46,"column":82},"end":{"line":46,"column":83}},"loc":{"start":{"line":46,"column":91},"end":{"line":57,"column":5}},"line":46},"2":{"name":"(anonymous_2)","decl":{"start":{"line":60,"column":12},"end":{"line":60,"column":13}},"loc":{"start":{"line":60,"column":19},"end":{"line":61,"column":104}},"line":60},"3":{"name":"getLecture","decl":{"start":{"line":74,"column":15},"end":{"line":74,"column":25}},"loc":{"start":{"line":74,"column":30},"end":{"line":94,"column":1}},"line":74},"4":{"name":"(anonymous_4)","decl":{"start":{"line":76,"column":58},"end":{"line":76,"column":59}},"loc":{"start":{"line":76,"column":67},"end":{"line":85,"column":5}},"line":76},"5":{"name":"getBookings","decl":{"start":{"line":102,"column":15},"end":{"line":102,"column":26}},"loc":{"start":{"line":102,"column":38},"end":{"line":124,"column":1}},"line":102},"6":{"name":"(anonymous_6)","decl":{"start":{"line":105,"column":58},"end":{"line":105,"column":59}},"loc":{"start":{"line":105,"column":67},"end":{"line":116,"column":5}},"line":105},"7":{"name":"(anonymous_7)","decl":{"start":{"line":119,"column":12},"end":{"line":119,"column":13}},"loc":{"start":{"line":119,"column":19},"end":{"line":119,"column":108}},"line":119},"8":{"name":"bookLecture","decl":{"start":{"line":133,"column":15},"end":{"line":133,"column":26}},"loc":{"start":{"line":133,"column":50},"end":{"line":157,"column":1}},"line":133},"9":{"name":"(anonymous_9)","decl":{"start":{"line":138,"column":13},"end":{"line":138,"column":14}},"loc":{"start":{"line":138,"column":22},"end":{"line":149,"column":5}},"line":138}},"branchMap":{"0":{"loc":{"start":{"line":26,"column":27},"end":{"line":26,"column":49}},"type":"default-arg","locations":[{"start":{"line":26,"column":40},"end":{"line":26,"column":49}}],"line":26},"1":{"loc":{"start":{"line":26,"column":51},"end":{"line":26,"column":71}},"type":"default-arg","locations":[{"start":{"line":26,"column":62},"end":{"line":26,"column":71}}],"line":26},"2":{"loc":{"start":{"line":26,"column":73},"end":{"line":26,"column":89}},"type":"default-arg","locations":[{"start":{"line":26,"column":80},"end":{"line":26,"column":89}}],"line":26},"3":{"loc":{"start":{"line":26,"column":91},"end":{"line":26,"column":110}},"type":"default-arg","locations":[{"start":{"line":26,"column":101},"end":{"line":26,"column":110}}],"line":26},"4":{"loc":{"start":{"line":28,"column":4},"end":{"line":37,"column":5}},"type":"if","locations":[{"start":{"line":28,"column":4},"end":{"line":37,"column":5}},{"start":{"line":28,"column":4},"end":{"line":37,"column":5}}],"line":28},"5":{"loc":{"start":{"line":28,"column":8},"end":{"line":28,"column":51}},"type":"binary-expr","locations":[{"start":{"line":28,"column":8},"end":{"line":28,"column":26}},{"start":{"line":28,"column":30},"end":{"line":28,"column":51}}],"line":28},"6":{"loc":{"start":{"line":29,"column":8},"end":{"line":36,"column":9}},"type":"switch","locations":[{"start":{"line":30,"column":12},"end":{"line":32,"column":22}},{"start":{"line":33,"column":12},"end":{"line":35,"column":22}}],"line":29},"7":{"loc":{"start":{"line":40,"column":4},"end":{"line":45,"column":5}},"type":"if","locations":[{"start":{"line":40,"column":4},"end":{"line":45,"column":5}},{"start":{"line":40,"column":4},"end":{"line":45,"column":5}}],"line":40},"8":{"loc":{"start":{"line":40,"column":8},"end":{"line":40,"column":58}},"type":"binary-expr","locations":[{"start":{"line":40,"column":8},"end":{"line":40,"column":32}},{"start":{"line":40,"column":36},"end":{"line":40,"column":58}}],"line":40},"9":{"loc":{"start":{"line":41,"column":8},"end":{"line":42,"column":59}},"type":"if","locations":[{"start":{"line":41,"column":8},"end":{"line":42,"column":59}},{"start":{"line":41,"column":8},"end":{"line":42,"column":59}}],"line":41},"10":{"loc":{"start":{"line":43,"column":8},"end":{"line":44,"column":55}},"type":"if","locations":[{"start":{"line":43,"column":8},"end":{"line":44,"column":55}},{"start":{"line":43,"column":8},"end":{"line":44,"column":55}}],"line":43},"11":{"loc":{"start":{"line":47,"column":8},"end":{"line":56,"column":9}},"type":"if","locations":[{"start":{"line":47,"column":8},"end":{"line":56,"column":9}},{"start":{"line":47,"column":8},"end":{"line":56,"column":9}}],"line":47},"12":{"loc":{"start":{"line":50,"column":15},"end":{"line":56,"column":9}},"type":"if","locations":[{"start":{"line":50,"column":15},"end":{"line":56,"column":9}},{"start":{"line":50,"column":15},"end":{"line":56,"column":9}}],"line":50},"13":{"loc":{"start":{"line":58,"column":4},"end":{"line":65,"column":5}},"type":"if","locations":[{"start":{"line":58,"column":4},"end":{"line":65,"column":5}},{"start":{"line":58,"column":4},"end":{"line":65,"column":5}}],"line":58},"14":{"loc":{"start":{"line":77,"column":8},"end":{"line":84,"column":9}},"type":"if","locations":[{"start":{"line":77,"column":8},"end":{"line":84,"column":9}},{"start":{"line":77,"column":8},"end":{"line":84,"column":9}}],"line":77},"15":{"loc":{"start":{"line":80,"column":15},"end":{"line":84,"column":9}},"type":"if","locations":[{"start":{"line":80,"column":15},"end":{"line":84,"column":9}},{"start":{"line":80,"column":15},"end":{"line":84,"column":9}}],"line":80},"16":{"loc":{"start":{"line":86,"column":4},"end":{"line":93,"column":5}},"type":"if","locations":[{"start":{"line":86,"column":4},"end":{"line":93,"column":5}},{"start":{"line":86,"column":4},"end":{"line":93,"column":5}}],"line":86},"17":{"loc":{"start":{"line":106,"column":8},"end":{"line":115,"column":9}},"type":"if","locations":[{"start":{"line":106,"column":8},"end":{"line":115,"column":9}},{"start":{"line":106,"column":8},"end":{"line":115,"column":9}}],"line":106},"18":{"loc":{"start":{"line":109,"column":15},"end":{"line":115,"column":9}},"type":"if","locations":[{"start":{"line":109,"column":15},"end":{"line":115,"column":9}},{"start":{"line":109,"column":15},"end":{"line":115,"column":9}}],"line":109},"19":{"loc":{"start":{"line":117,"column":4},"end":{"line":123,"column":5}},"type":"if","locations":[{"start":{"line":117,"column":4},"end":{"line":123,"column":5}},{"start":{"line":117,"column":4},"end":{"line":123,"column":5}}],"line":117},"20":{"loc":{"start":{"line":139,"column":8},"end":{"line":148,"column":9}},"type":"if","locations":[{"start":{"line":139,"column":8},"end":{"line":148,"column":9}},{"start":{"line":139,"column":8},"end":{"line":148,"column":9}}],"line":139},"21":{"loc":{"start":{"line":142,"column":15},"end":{"line":148,"column":9}},"type":"if","locations":[{"start":{"line":142,"column":15},"end":{"line":148,"column":9}},{"start":{"line":142,"column":15},"end":{"line":148,"column":9}}],"line":142},"22":{"loc":{"start":{"line":150,"column":4},"end":{"line":156,"column":5}},"type":"if","locations":[{"start":{"line":150,"column":4},"end":{"line":156,"column":5}},{"start":{"line":150,"column":4},"end":{"line":156,"column":5}}],"line":150}},"s":{"0":1,"1":4,"2":4,"3":0,"4":0,"5":0,"6":0,"7":0,"8":4,"9":4,"10":1,"11":1,"12":1,"13":1,"14":4,"15":1,"16":1,"17":1,"18":0,"19":0,"20":0,"21":3,"22":3,"23":6,"24":0,"25":0,"26":3,"27":3,"28":2,"29":2,"30":2,"31":0,"32":0,"33":0,"34":1,"35":1,"36":1,"37":0,"38":0,"39":3,"40":3,"41":1,"42":1,"43":1,"44":0,"45":0,"46":0,"47":2,"48":2,"49":3,"50":0,"51":0,"52":0,"53":0,"54":0,"55":0,"56":0,"57":0,"58":0,"59":0,"60":0,"61":0,"62":0,"63":0,"64":0,"65":1},"f":{"0":4,"1":1,"2":6,"3":3,"4":2,"5":3,"6":1,"7":3,"8":0,"9":0},"b":{"0":[3],"1":[3],"2":[4],"3":[4],"4":[0,4],"5":[4,0],"6":[0,0],"7":[1,3],"8":[4,3],"9":[1,0],"10":[1,0],"11":[1,0],"12":[0,0],"13":[3,0],"14":[2,0],"15":[0,0],"16":[1,0],"17":[1,0],"18":[0,0],"19":[2,0],"20":[0,0],"21":[0,0],"22":[0,0]},"_coverageSchema":"43e27e138ebf9cfc5966b082cf9a028302ed4184","hash":"83522a11d07e28d1b581a185de5aa61213d24fc0"}
,"/home/rosita/SE2/PULSeBS/client/src/api/models/booking.js": {"path":"/home/rosita/SE2/PULSeBS/client/src/api/models/booking.js","statementMap":{"0":{"start":{"line":3,"column":12},"end":{"line":3,"column":41}},"1":{"start":{"line":4,"column":12},"end":{"line":4,"column":41}},"2":{"start":{"line":5,"column":12},"end":{"line":5,"column":35}},"3":{"start":{"line":6,"column":12},"end":{"line":6,"column":35}},"4":{"start":{"line":7,"column":12},"end":{"line":8,"column":45}},"5":{"start":{"line":8,"column":16},"end":{"line":8,"column":45}},"6":{"start":{"line":9,"column":12},"end":{"line":10,"column":45}},"7":{"start":{"line":10,"column":16},"end":{"line":10,"column":45}},"8":{"start":{"line":13,"column":0},"end":{"line":13,"column":25}}},"fnMap":{"0":{"name":"(anonymous_0)","decl":{"start":{"line":2,"column":4},"end":{"line":2,"column":5}},"loc":{"start":{"line":2,"column":76},"end":{"line":11,"column":5}},"line":2}},"branchMap":{"0":{"loc":{"start":{"line":7,"column":12},"end":{"line":8,"column":45}},"type":"if","locations":[{"start":{"line":7,"column":12},"end":{"line":8,"column":45}},{"start":{"line":7,"column":12},"end":{"line":8,"column":45}}],"line":7},"1":{"loc":{"start":{"line":9,"column":12},"end":{"line":10,"column":45}},"type":"if","locations":[{"start":{"line":9,"column":12},"end":{"line":10,"column":45}},{"start":{"line":9,"column":12},"end":{"line":10,"column":45}}],"line":9}},"s":{"0":3,"1":3,"2":3,"3":3,"4":3,"5":3,"6":3,"7":0,"8":1},"f":{"0":3},"b":{"0":[3,0],"1":[0,3]},"_coverageSchema":"43e27e138ebf9cfc5966b082cf9a028302ed4184","hash":"df0f01af7b40a84a1310272663eb664c127e8ea5"}
,"/home/rosita/SE2/PULSeBS/client/src/api/models/course.js": {"path":"/home/rosita/SE2/PULSeBS/client/src/api/models/course.js","statementMap":{"0":{"start":{"line":3,"column":12},"end":{"line":3,"column":25}},"1":{"start":{"line":4,"column":12},"end":{"line":4,"column":29}},"2":{"start":{"line":5,"column":12},"end":{"line":5,"column":29}},"3":{"start":{"line":6,"column":12},"end":{"line":6,"column":41}},"4":{"start":{"line":9,"column":0},"end":{"line":9,"column":24}}},"fnMap":{"0":{"name":"(anonymous_0)","decl":{"start":{"line":2,"column":4},"end":{"line":2,"column":5}},"loc":{"start":{"line":2,"column":40},"end":{"line":7,"column":5}},"line":2}},"branchMap":{},"s":{"0":0,"1":0,"2":0,"3":0,"4":0},"f":{"0":0},"b":{},"hash":"5e1d5ef3444c94ef361bab0b38d6a13ad97546f0"}
,"/home/rosita/SE2/PULSeBS/client/src/api/models/extended_lecture.js": {"path":"/home/rosita/SE2/PULSeBS/client/src/api/models/extended_lecture.js","statementMap":{"0":{"start":{"line":1,"column":14},"end":{"line":1,"column":34}},"1":{"start":{"line":59,"column":8},"end":{"line":59,"column":64}},"2":{"start":{"line":60,"column":8},"end":{"line":60,"column":38}},"3":{"start":{"line":61,"column":8},"end":{"line":61,"column":37}},"4":{"start":{"line":62,"column":8},"end":{"line":62,"column":39}},"5":{"start":{"line":63,"column":8},"end":{"line":63,"column":45}},"6":{"start":{"line":64,"column":8},"end":{"line":64,"column":33}},"7":{"start":{"line":65,"column":8},"end":{"line":65,"column":45}},"8":{"start":{"line":66,"column":8},"end":{"line":66,"column":31}},"9":{"start":{"line":69,"column":0},"end":{"line":69,"column":33}}},"fnMap":{"0":{"name":"(anonymous_0)","decl":{"start":{"line":58,"column":4},"end":{"line":58,"column":5}},"loc":{"start":{"line":58,"column":154},"end":{"line":67,"column":5}},"line":58}},"branchMap":{},"s":{"0":1,"1":7,"2":7,"3":7,"4":7,"5":7,"6":7,"7":7,"8":7,"9":1},"f":{"0":7},"b":{},"_coverageSchema":"43e27e138ebf9cfc5966b082cf9a028302ed4184","hash":"71eede7c07c93f58758e80b842a65f1cb3390668"}
,"/home/rosita/SE2/PULSeBS/client/src/api/models/lecture.js": {"path":"/home/rosita/SE2/PULSeBS/client/src/api/models/lecture.js","statementMap":{"0":{"start":{"line":37,"column":12},"end":{"line":37,"column":25}},"1":{"start":{"line":38,"column":12},"end":{"line":38,"column":37}},"2":{"start":{"line":39,"column":12},"end":{"line":39,"column":39}},"3":{"start":{"line":40,"column":12},"end":{"line":40,"column":35}},"4":{"start":{"line":41,"column":12},"end":{"line":41,"column":35}},"5":{"start":{"line":42,"column":12},"end":{"line":43,"column":45}},"6":{"start":{"line":43,"column":16},"end":{"line":43,"column":45}},"7":{"start":{"line":46,"column":0},"end":{"line":46,"column":25}}},"fnMap":{"0":{"name":"(anonymous_0)","decl":{"start":{"line":36,"column":4},"end":{"line":36,"column":5}},"loc":{"start":{"line":36,"column":65},"end":{"line":44,"column":5}},"line":36}},"branchMap":{"0":{"loc":{"start":{"line":42,"column":12},"end":{"line":43,"column":45}},"type":"if","locations":[{"start":{"line":42,"column":12},"end":{"line":43,"column":45}},{"start":{"line":42,"column":12},"end":{"line":43,"column":45}}],"line":42}},"s":{"0":7,"1":7,"2":7,"3":7,"4":7,"5":7,"6":0,"7":1},"f":{"0":7},"b":{"0":[0,7]},"_coverageSchema":"43e27e138ebf9cfc5966b082cf9a028302ed4184","hash":"8d7632480450a3f18d0ccb2e99588447ec6e7614"}
,"/home/rosita/SE2/PULSeBS/client/src/api/models/room.js": {"path":"/home/rosita/SE2/PULSeBS/client/src/api/models/room.js","statementMap":{"0":{"start":{"line":3,"column":12},"end":{"line":3,"column":25}},"1":{"start":{"line":4,"column":12},"end":{"line":4,"column":29}},"2":{"start":{"line":5,"column":12},"end":{"line":5,"column":31}},"3":{"start":{"line":8,"column":0},"end":{"line":8,"column":22}}},"fnMap":{"0":{"name":"(anonymous_0)","decl":{"start":{"line":2,"column":4},"end":{"line":2,"column":5}},"loc":{"start":{"line":2,"column":30},"end":{"line":6,"column":5}},"line":2}},"branchMap":{},"s":{"0":0,"1":0,"2":0,"3":0},"f":{"0":0},"b":{},"hash":"47a781e61ce67f6a0ab0321345f3faaa8941f5d6"}
,"/home/rosita/SE2/PULSeBS/client/src/api/models/user.js": {"path":"/home/rosita/SE2/PULSeBS/client/src/api/models/user.js","statementMap":{"0":{"start":{"line":3,"column":12},"end":{"line":3,"column":25}},"1":{"start":{"line":4,"column":12},"end":{"line":4,"column":47}},"2":{"start":{"line":5,"column":12},"end":{"line":5,"column":31}},"3":{"start":{"line":6,"column":12},"end":{"line":6,"column":37}},"4":{"start":{"line":7,"column":12},"end":{"line":7,"column":29}},"5":{"start":{"line":8,"column":12},"end":{"line":8,"column":35}},"6":{"start":{"line":9,"column":12},"end":{"line":9,"column":29}},"7":{"start":{"line":12,"column":0},"end":{"line":12,"column":22}}},"fnMap":{"0":{"name":"(anonymous_0)","decl":{"start":{"line":2,"column":4},"end":{"line":2,"column":5}},"loc":{"start":{"line":2,"column":66},"end":{"line":10,"column":5}},"line":2}},"branchMap":{},"s":{"0":0,"1":0,"2":0,"3":0,"4":0,"5":0,"6":0,"7":0},"f":{"0":0},"b":{},"hash":"cf8a1dc52cffd84cda1e35a8818de6a27ae004a4"}
,"/home/rosita/SE2/PULSeBS/client/src/auth/AuthContext.js": {"path":"/home/rosita/SE2/PULSeBS/client/src/auth/AuthContext.js","statementMap":{"0":{"start":{"line":4,"column":27},"end":{"line":4,"column":62}}},"fnMap":{},"branchMap":{},"s":{"0":0},"f":{},"b":{},"hash":"5143f12e2f4c2aa0aadd83d894c60cfaf7c3e86d"}
,"/home/rosita/SE2/PULSeBS/client/src/components/Header.js": {"path":"/home/rosita/SE2/PULSeBS/client/src/components/Header.js","statementMap":{"0":{"start":{"line":9,"column":15},"end":{"line":50,"column":1}},"1":{"start":{"line":11,"column":2},"end":{"line":49,"column":4}},"2":{"start":{"line":15,"column":6},"end":{"line":45,"column":15}},"3":{"start":{"line":34,"column":42},"end":{"line":34,"column":62}}},"fnMap":{"0":{"name":"(anonymous_0)","decl":{"start":{"line":9,"column":15},"end":{"line":9,"column":16}},"loc":{"start":{"line":9,"column":26},"end":{"line":50,"column":1}},"line":9},"1":{"name":"(anonymous_1)","decl":{"start":{"line":13,"column":7},"end":{"line":13,"column":8}},"loc":{"start":{"line":15,"column":6},"end":{"line":45,"column":15}},"line":15},"2":{"name":"(anonymous_2)","decl":{"start":{"line":34,"column":35},"end":{"line":34,"column":36}},"loc":{"start":{"line":34,"column":41},"end":{"line":34,"column":63}},"line":34}},"branchMap":{"0":{"loc":{"start":{"line":31,"column":11},"end":{"line":35,"column":15}},"type":"binary-expr","locations":[{"start":{"line":31,"column":11},"end":{"line":31,"column":27}},{"start":{"line":32,"column":12},"end":{"line":35,"column":15}}],"line":31},"1":{"loc":{"start":{"line":36,"column":11},"end":{"line":36,"column":87}},"type":"binary-expr","locations":[{"start":{"line":36,"column":11},"end":{"line":36,"column":28}},{"start":{"line":36,"column":32},"end":{"line":36,"column":87}}],"line":36}},"s":{"0":0,"1":0,"2":0,"3":0},"f":{"0":0,"1":0,"2":0},"b":{"0":[0,0],"1":[0,0]},"hash":"07f93cc199dfd306a4824f9467aa38a519c71048"}
,"/home/rosita/SE2/PULSeBS/client/src/components/LoginForm.js": {"path":"/home/rosita/SE2/PULSeBS/client/src/components/LoginForm.js","statementMap":{"0":{"start":{"line":14,"column":8},"end":{"line":14,"column":21}},"1":{"start":{"line":15,"column":8},"end":{"line":15,"column":68}},"2":{"start":{"line":18,"column":23},"end":{"line":20,"column":5}},"3":{"start":{"line":19,"column":8},"end":{"line":19,"column":55}},"4":{"start":{"line":22,"column":23},"end":{"line":24,"column":5}},"5":{"start":{"line":23,"column":8},"end":{"line":23,"column":55}},"6":{"start":{"line":26,"column":19},"end":{"line":30,"column":5}},"7":{"start":{"line":27,"column":8},"end":{"line":27,"column":31}},"8":{"start":{"line":28,"column":8},"end":{"line":28,"column":57}},"9":{"start":{"line":29,"column":8},"end":{"line":29,"column":42}},"10":{"start":{"line":33,"column":8},"end":{"line":34,"column":39}},"11":{"start":{"line":34,"column":12},"end":{"line":34,"column":39}},"12":{"start":{"line":35,"column":8},"end":{"line":79,"column":10}},"13":{"start":{"line":38,"column":16},"end":{"line":75,"column":19}},"14":{"start":{"line":52,"column":69},"end":{"line":52,"column":112}},"15":{"start":{"line":55,"column":145},"end":{"line":55,"column":170}},"16":{"start":{"line":60,"column":153},"end":{"line":60,"column":178}}},"fnMap":{"0":{"name":"(anonymous_0)","decl":{"start":{"line":13,"column":4},"end":{"line":13,"column":5}},"loc":{"start":{"line":13,"column":23},"end":{"line":16,"column":5}},"line":13},"1":{"name":"(anonymous_1)","decl":{"start":{"line":18,"column":23},"end":{"line":18,"column":24}},"loc":{"start":{"line":18,"column":34},"end":{"line":20,"column":5}},"line":18},"2":{"name":"(anonymous_2)","decl":{"start":{"line":22,"column":23},"end":{"line":22,"column":24}},"loc":{"start":{"line":22,"column":34},"end":{"line":24,"column":5}},"line":22},"3":{"name":"(anonymous_3)","decl":{"start":{"line":26,"column":19},"end":{"line":26,"column":20}},"loc":{"start":{"line":26,"column":39},"end":{"line":30,"column":5}},"line":26},"4":{"name":"(anonymous_4)","decl":{"start":{"line":32,"column":4},"end":{"line":32,"column":5}},"loc":{"start":{"line":32,"column":13},"end":{"line":80,"column":5}},"line":32},"5":{"name":"(anonymous_5)","decl":{"start":{"line":37,"column":17},"end":{"line":37,"column":18}},"loc":{"start":{"line":38,"column":16},"end":{"line":75,"column":19}},"line":38},"6":{"name":"(anonymous_6)","decl":{"start":{"line":52,"column":58},"end":{"line":52,"column":59}},"loc":{"start":{"line":52,"column":69},"end":{"line":52,"column":112}},"line":52},"7":{"name":"(anonymous_7)","decl":{"start":{"line":55,"column":137},"end":{"line":55,"column":138}},"loc":{"start":{"line":55,"column":145},"end":{"line":55,"column":170}},"line":55},"8":{"name":"(anonymous_8)","decl":{"start":{"line":60,"column":145},"end":{"line":60,"column":146}},"loc":{"start":{"line":60,"column":153},"end":{"line":60,"column":178}},"line":60}},"branchMap":{"0":{"loc":{"start":{"line":33,"column":8},"end":{"line":34,"column":39}},"type":"if","locations":[{"start":{"line":33,"column":8},"end":{"line":34,"column":39}},{"start":{"line":33,"column":8},"end":{"line":34,"column":39}}],"line":33},"1":{"loc":{"start":{"line":67,"column":29},"end":{"line":70,"column":36}},"type":"binary-expr","locations":[{"start":{"line":67,"column":29},"end":{"line":67,"column":44}},{"start":{"line":68,"column":28},"end":{"line":70,"column":36}}],"line":67}},"s":{"0":0,"1":0,"2":0,"3":0,"4":0,"5":0,"6":0,"7":0,"8":0,"9":0,"10":0,"11":0,"12":0,"13":0,"14":0,"15":0,"16":0},"f":{"0":0,"1":0,"2":0,"3":0,"4":0,"5":0,"6":0,"7":0,"8":0},"b":{"0":[0,0],"1":[0,0]},"hash":"3cdb29f897bba3d46c15fdd7708b0cccd4ec4c0b"}
,"/home/rosita/SE2/PULSeBS/client/src/components/StudentPage.js": {"path":"/home/rosita/SE2/PULSeBS/client/src/components/StudentPage.js","statementMap":{"0":{"start":{"line":12,"column":4},"end":{"line":12,"column":17}},"1":{"start":{"line":14,"column":4},"end":{"line":114,"column":5}},"2":{"start":{"line":115,"column":4},"end":{"line":115,"column":65}},"3":{"start":{"line":116,"column":4},"end":{"line":116,"column":44}},"4":{"start":{"line":117,"column":4},"end":{"line":117,"column":63}},"5":{"start":{"line":118,"column":4},"end":{"line":118,"column":40}},"6":{"start":{"line":122,"column":2},"end":{"line":122,"column":21}},"7":{"start":{"line":123,"column":10},"end":{"line":123,"column":36}},"8":{"start":{"line":127,"column":10},"end":{"line":146,"column":3}},"9":{"start":{"line":129,"column":17},"end":{"line":130,"column":94}},"10":{"start":{"line":132,"column":12},"end":{"line":132,"column":35}},"11":{"start":{"line":133,"column":6},"end":{"line":145,"column":5}},"12":{"start":{"line":134,"column":8},"end":{"line":134,"column":28}},"13":{"start":{"line":137,"column":25},"end":{"line":137,"column":68}},"14":{"start":{"line":138,"column":8},"end":{"line":138,"column":40}},"15":{"start":{"line":139,"column":18},"end":{"line":139,"column":40}},"16":{"start":{"line":140,"column":8},"end":{"line":140,"column":52}},"17":{"start":{"line":142,"column":7},"end":{"line":142,"column":36}},"18":{"start":{"line":143,"column":7},"end":{"line":143,"column":56}},"19":{"start":{"line":144,"column":7},"end":{"line":144,"column":27}},"20":{"start":{"line":148,"column":20},"end":{"line":166,"column":1}},"21":{"start":{"line":149,"column":19},"end":{"line":149,"column":21}},"22":{"start":{"line":150,"column":2},"end":{"line":165,"column":3}},"23":{"start":{"line":151,"column":14},"end":{"line":163,"column":4}},"24":{"start":{"line":152,"column":4},"end":{"line":152,"column":56}},"25":{"start":{"line":153,"column":4},"end":{"line":162,"column":23}},"26":{"start":{"line":164,"column":2},"end":{"line":164,"column":26}},"27":{"start":{"line":169,"column":19},"end":{"line":181,"column":1}},"28":{"start":{"line":171,"column":2},"end":{"line":171,"column":58}},"29":{"start":{"line":172,"column":2},"end":{"line":180,"column":5}},"30":{"start":{"line":173,"column":17},"end":{"line":178,"column":6}},"31":{"start":{"line":174,"column":6},"end":{"line":176,"column":7}},"32":{"start":{"line":175,"column":8},"end":{"line":175,"column":24}},"33":{"start":{"line":177,"column":6},"end":{"line":177,"column":15}},"34":{"start":{"line":179,"column":3},"end":{"line":179,"column":28}},"35":{"start":{"line":184,"column":8},"end":{"line":186,"column":1}},"36":{"start":{"line":185,"column":2},"end":{"line":185,"column":30}},"37":{"start":{"line":193,"column":16},"end":{"line":193,"column":18}},"38":{"start":{"line":194,"column":2},"end":{"line":304,"column":6}},"39":{"start":{"line":215,"column":14},"end":{"line":215,"column":62}},"40":{"start":{"line":225,"column":14},"end":{"line":239,"column":32}},"41":{"start":{"line":226,"column":16},"end":{"line":226,"column":43}},"42":{"start":{"line":227,"column":14},"end":{"line":238,"column":17}},"43":{"start":{"line":234,"column":39},"end":{"line":234,"column":78}},"44":{"start":{"line":239,"column":21},"end":{"line":239,"column":32}},"45":{"start":{"line":256,"column":50},"end":{"line":256,"column":78}},"46":{"start":{"line":270,"column":50},"end":{"line":270,"column":78}},"47":{"start":{"line":271,"column":48},"end":{"line":271,"column":62}},"48":{"start":{"line":285,"column":50},"end":{"line":285,"column":78}},"49":{"start":{"line":299,"column":50},"end":{"line":299,"column":78}}},"fnMap":{"0":{"name":"(anonymous_0)","decl":{"start":{"line":11,"column":2},"end":{"line":11,"column":3}},"loc":{"start":{"line":11,"column":21},"end":{"line":119,"column":2}},"line":11},"1":{"name":"(anonymous_1)","decl":{"start":{"line":121,"column":0},"end":{"line":121,"column":1}},"loc":{"start":{"line":121,"column":25},"end":{"line":124,"column":2}},"line":121},"2":{"name":"(anonymous_2)","decl":{"start":{"line":127,"column":10},"end":{"line":127,"column":11}},"loc":{"start":{"line":127,"column":42},"end":{"line":146,"column":3}},"line":127},"3":{"name":"(anonymous_3)","decl":{"start":{"line":148,"column":20},"end":{"line":148,"column":21}},"loc":{"start":{"line":148,"column":24},"end":{"line":166,"column":1}},"line":148},"4":{"name":"(anonymous_4)","decl":{"start":{"line":150,"column":16},"end":{"line":150,"column":17}},"loc":{"start":{"line":150,"column":24},"end":{"line":165,"column":1}},"line":150},"5":{"name":"(anonymous_5)","decl":{"start":{"line":151,"column":33},"end":{"line":151,"column":34}},"loc":{"start":{"line":151,"column":38},"end":{"line":163,"column":3}},"line":151},"6":{"name":"(anonymous_6)","decl":{"start":{"line":169,"column":19},"end":{"line":169,"column":20}},"loc":{"start":{"line":169,"column":38},"end":{"line":181,"column":1}},"line":169},"7":{"name":"(anonymous_7)","decl":{"start":{"line":172,"column":16},"end":{"line":172,"column":17}},"loc":{"start":{"line":172,"column":25},"end":{"line":180,"column":3}},"line":172},"8":{"name":"(anonymous_8)","decl":{"start":{"line":173,"column":34},"end":{"line":173,"column":35}},"loc":{"start":{"line":173,"column":41},"end":{"line":178,"column":5}},"line":173},"9":{"name":"(anonymous_9)","decl":{"start":{"line":184,"column":8},"end":{"line":184,"column":9}},"loc":{"start":{"line":184,"column":18},"end":{"line":186,"column":1}},"line":184},"10":{"name":"(anonymous_10)","decl":{"start":{"line":192,"column":0},"end":{"line":192,"column":1}},"loc":{"start":{"line":192,"column":9},"end":{"line":305,"column":1}},"line":192},"11":{"name":"(anonymous_11)","decl":{"start":{"line":213,"column":24},"end":{"line":213,"column":25}},"loc":{"start":{"line":213,"column":33},"end":{"line":216,"column":13}},"line":213},"12":{"name":"(anonymous_12)","decl":{"start":{"line":224,"column":36},"end":{"line":224,"column":37}},"loc":{"start":{"line":224,"column":41},"end":{"line":240,"column":17}},"line":224},"13":{"name":"(anonymous_13)","decl":{"start":{"line":234,"column":33},"end":{"line":234,"column":34}},"loc":{"start":{"line":234,"column":39},"end":{"line":234,"column":78}},"line":234},"14":{"name":"(anonymous_14)","decl":{"start":{"line":256,"column":45},"end":{"line":256,"column":46}},"loc":{"start":{"line":256,"column":49},"end":{"line":256,"column":79}},"line":256},"15":{"name":"(anonymous_15)","decl":{"start":{"line":270,"column":45},"end":{"line":270,"column":46}},"loc":{"start":{"line":270,"column":49},"end":{"line":270,"column":79}},"line":270},"16":{"name":"(anonymous_16)","decl":{"start":{"line":271,"column":43},"end":{"line":271,"column":44}},"loc":{"start":{"line":271,"column":47},"end":{"line":271,"column":63}},"line":271},"17":{"name":"(anonymous_17)","decl":{"start":{"line":285,"column":45},"end":{"line":285,"column":46}},"loc":{"start":{"line":285,"column":49},"end":{"line":285,"column":79}},"line":285},"18":{"name":"(anonymous_18)","decl":{"start":{"line":299,"column":45},"end":{"line":299,"column":46}},"loc":{"start":{"line":299,"column":49},"end":{"line":299,"column":79}},"line":299}},"branchMap":{"0":{"loc":{"start":{"line":133,"column":6},"end":{"line":145,"column":5}},"type":"if","locations":[{"start":{"line":133,"column":6},"end":{"line":145,"column":5}},{"start":{"line":133,"column":6},"end":{"line":145,"column":5}}],"line":133},"1":{"loc":{"start":{"line":171,"column":2},"end":{"line":171,"column":58}},"type":"cond-expr","locations":[{"start":{"line":171,"column":32},"end":{"line":171,"column":44}},{"start":{"line":171,"column":46},"end":{"line":171,"column":58}}],"line":171},"2":{"loc":{"start":{"line":174,"column":6},"end":{"line":176,"column":7}},"type":"if","locations":[{"start":{"line":174,"column":6},"end":{"line":176,"column":7}},{"start":{"line":174,"column":6},"end":{"line":176,"column":7}}],"line":174},"3":{"loc":{"start":{"line":225,"column":14},"end":{"line":239,"column":32}},"type":"if","locations":[{"start":{"line":225,"column":14},"end":{"line":239,"column":32}},{"start":{"line":225,"column":14},"end":{"line":239,"column":32}}],"line":225},"4":{"loc":{"start":{"line":247,"column":5},"end":{"line":259,"column":16}},"type":"cond-expr","locations":[{"start":{"line":248,"column":4},"end":{"line":258,"column":19}},{"start":{"line":259,"column":5},"end":{"line":259,"column":16}}],"line":247},"5":{"loc":{"start":{"line":247,"column":6},"end":{"line":247,"column":84}},"type":"binary-expr","locations":[{"start":{"line":247,"column":6},"end":{"line":247,"column":29}},{"start":{"line":247,"column":33},"end":{"line":247,"column":84}}],"line":247},"6":{"loc":{"start":{"line":261,"column":5},"end":{"line":274,"column":16}},"type":"cond-expr","locations":[{"start":{"line":262,"column":4},"end":{"line":273,"column":19}},{"start":{"line":274,"column":5},"end":{"line":274,"column":16}}],"line":261},"7":{"loc":{"start":{"line":261,"column":6},"end":{"line":261,"column":82}},"type":"binary-expr","locations":[{"start":{"line":261,"column":6},"end":{"line":261,"column":29}},{"start":{"line":261,"column":33},"end":{"line":261,"column":82}}],"line":261},"8":{"loc":{"start":{"line":276,"column":5},"end":{"line":288,"column":16}},"type":"cond-expr","locations":[{"start":{"line":277,"column":4},"end":{"line":287,"column":19}},{"start":{"line":288,"column":5},"end":{"line":288,"column":16}}],"line":276},"9":{"loc":{"start":{"line":276,"column":6},"end":{"line":276,"column":82}},"type":"binary-expr","locations":[{"start":{"line":276,"column":6},"end":{"line":276,"column":29}},{"start":{"line":276,"column":33},"end":{"line":276,"column":82}}],"line":276},"10":{"loc":{"start":{"line":290,"column":5},"end":{"line":302,"column":16}},"type":"cond-expr","locations":[{"start":{"line":291,"column":4},"end":{"line":301,"column":19}},{"start":{"line":302,"column":5},"end":{"line":302,"column":16}}],"line":290},"11":{"loc":{"start":{"line":290,"column":6},"end":{"line":290,"column":84}},"type":"binary-expr","locations":[{"start":{"line":290,"column":6},"end":{"line":290,"column":29}},{"start":{"line":290,"column":33},"end":{"line":290,"column":84}}],"line":290}},"s":{"0":0,"1":0,"2":0,"3":0,"4":0,"5":0,"6":0,"7":0,"8":0,"9":0,"10":0,"11":0,"12":0,"13":0,"14":0,"15":0,"16":0,"17":0,"18":0,"19":0,"20":0,"21":0,"22":0,"23":0,"24":0,"25":0,"26":0,"27":0,"28":0,"29":0,"30":0,"31":0,"32":0,"33":0,"34":0,"35":0,"36":0,"37":0,"38":0,"39":0,"40":0,"41":0,"42":0,"43":0,"44":0,"45":0,"46":0,"47":0,"48":0,"49":0},"f":{"0":0,"1":0,"2":0,"3":0,"4":0,"5":0,"6":0,"7":0,"8":0,"9":0,"10":0,"11":0,"12":0,"13":0,"14":0,"15":0,"16":0,"17":0,"18":0},"b":{"0":[0,0],"1":[0,0],"2":[0,0],"3":[0,0],"4":[0,0],"5":[0,0],"6":[0,0],"7":[0,0],"8":[0,0],"9":[0,0],"10":[0,0],"11":[0,0]},"hash":"20d95f1c6e445c365b2033ea3bc98585c0600546"}
}
