TN:
SF:/home/rosita/SE2/PULSeBS/client/src/App.js
FN:20,(anonymous_0)
FN:25,(anonymous_1)
FN:37,(anonymous_2)
FN:47,(anonymous_3)
FN:48,(anonymous_4)
FN:50,(anonymous_5)
FN:55,(anonymous_6)
FN:58,(anonymous_7)
FN:65,(anonymous_8)
FN:66,(anonymous_9)
FN:69,(anonymous_10)
FNF:11
FNH:0
FNDA:0,(anonymous_0)
FNDA:0,(anonymous_1)
FNDA:0,(anonymous_2)
FNDA:0,(anonymous_3)
FNDA:0,(anonymous_4)
FNDA:0,(anonymous_5)
FNDA:0,(anonymous_6)
FNDA:0,(anonymous_7)
FNDA:0,(anonymous_8)
FNDA:0,(anonymous_9)
FNDA:0,(anonymous_10)
DA:21,0
DA:22,0
DA:38,0
DA:39,0
DA:40,0
DA:41,0
DA:47,0
DA:48,0
DA:49,0
DA:50,0
DA:55,0
DA:56,0
DA:59,0
DA:60,0
DA:65,0
DA:66,0
DA:71,0
DA:77,0
LF:18
LH:0
BRDA:38,0,0,0
BRDA:38,0,1,0
BRDA:39,1,0,0
BRDA:39,1,1,0
BRDA:39,2,0,0
BRDA:39,2,1,0
BRF:6
BRH:0
end_of_record
TN:
SF:/home/rosita/SE2/PULSeBS/client/src/index.js
FNF:0
FNH:0
DA:8,0
DA:20,0
LF:2
LH:0
BRF:0
BRH:0
end_of_record
TN:
SF:/home/rosita/SE2/PULSeBS/client/src/serviceWorker.js
FN:23,register
FN:34,(anonymous_1)
FN:43,(anonymous_2)
FN:57,registerValidSW
FN:60,(anonymous_4)
FN:61,(anonymous_5)
FN:66,(anonymous_6)
FN:96,(anonymous_7)
FN:101,checkValidServiceWorker
FN:106,(anonymous_9)
FN:114,(anonymous_10)
FN:115,(anonymous_11)
FN:124,(anonymous_12)
FN:131,unregister
FN:134,(anonymous_14)
FN:137,(anonymous_15)
FNF:16
FNH:0
FNDA:0,register
FNDA:0,(anonymous_1)
FNDA:0,(anonymous_2)
FNDA:0,registerValidSW
FNDA:0,(anonymous_4)
FNDA:0,(anonymous_5)
FNDA:0,(anonymous_6)
FNDA:0,(anonymous_7)
FNDA:0,checkValidServiceWorker
FNDA:0,(anonymous_9)
FNDA:0,(anonymous_10)
FNDA:0,(anonymous_11)
FNDA:0,(anonymous_12)
FNDA:0,unregister
FNDA:0,(anonymous_14)
FNDA:0,(anonymous_15)
DA:13,0
DA:24,0
DA:26,0
DA:27,0
DA:31,0
DA:34,0
DA:35,0
DA:37,0
DA:39,0
DA:43,0
DA:44,0
DA:51,0
DA:58,0
DA:61,0
DA:62,0
DA:63,0
DA:64,0
DA:66,0
DA:67,0
DA:68,0
DA:72,0
DA:78,0
DA:79,0
DA:85,0
DA:88,0
DA:89,0
DA:97,0
DA:103,0
DA:108,0
DA:109,0
DA:114,0
DA:115,0
DA:116,0
DA:121,0
DA:125,0
DA:132,0
DA:133,0
DA:135,0
DA:138,0
LF:39
LH:0
BRDA:14,0,0,0
BRDA:14,0,1,0
BRDA:14,0,2,0
BRDA:24,1,0,0
BRDA:24,1,1,0
BRDA:24,2,0,0
BRDA:24,2,1,0
BRDA:27,3,0,0
BRDA:27,3,1,0
BRDA:37,4,0,0
BRDA:37,4,1,0
BRDA:63,5,0,0
BRDA:63,5,1,0
BRDA:67,6,0,0
BRDA:67,6,1,0
BRDA:68,7,0,0
BRDA:68,7,1,0
BRDA:78,8,0,0
BRDA:78,8,1,0
BRDA:78,9,0,0
BRDA:78,9,1,0
BRDA:88,10,0,0
BRDA:88,10,1,0
BRDA:88,11,0,0
BRDA:88,11,1,0
BRDA:109,12,0,0
BRDA:109,12,1,0
BRDA:110,13,0,0
BRDA:110,13,1,0
BRDA:110,13,2,0
BRDA:132,14,0,0
BRDA:132,14,1,0
BRF:32
BRH:0
end_of_record
TN:
SF:/home/rosita/SE2/PULSeBS/client/src/api/API.js
FN:26,getLectures
FN:46,(anonymous_1)
FN:60,(anonymous_2)
FN:74,getLecture
FN:76,(anonymous_4)
FN:102,getBookings
FN:105,(anonymous_6)
FN:119,(anonymous_7)
FN:133,bookLecture
FN:138,(anonymous_9)
FNF:10
FNH:8
FNDA:4,getLectures
FNDA:1,(anonymous_1)
FNDA:6,(anonymous_2)
FNDA:3,getLecture
FNDA:2,(anonymous_4)
FNDA:3,getBookings
FNDA:1,(anonymous_6)
FNDA:3,(anonymous_7)
FNDA:0,bookLecture
FNDA:0,(anonymous_9)
DA:7,1
DA:27,4
DA:28,4
DA:29,0
DA:31,0
DA:32,0
DA:34,0
DA:35,0
DA:39,4
DA:40,4
DA:41,1
DA:42,1
DA:43,1
DA:44,1
DA:46,4
DA:47,1
DA:48,1
DA:49,1
DA:50,0
DA:52,0
DA:55,0
DA:58,3
DA:59,3
DA:60,6
DA:63,0
DA:64,0
DA:75,3
DA:76,3
DA:77,2
DA:78,2
DA:79,2
DA:80,0
DA:81,0
DA:83,0
DA:86,1
DA:87,1
DA:88,1
DA:91,0
DA:92,0
DA:103,3
DA:105,3
DA:106,1
DA:107,1
DA:108,1
DA:109,0
DA:111,0
DA:114,0
DA:117,2
DA:118,2
DA:119,3
DA:121,0
DA:122,0
DA:134,0
DA:136,0
DA:139,0
DA:140,0
DA:141,0
DA:142,0
DA:144,0
DA:147,0
DA:150,0
DA:151,0
DA:152,0
DA:154,0
DA:155,0
DA:159,1
LF:66
LH:33
BRDA:26,0,0,3
BRDA:26,1,0,3
BRDA:26,2,0,4
BRDA:26,3,0,4
BRDA:28,4,0,0
BRDA:28,4,1,4
BRDA:28,5,0,4
BRDA:28,5,1,0
BRDA:29,6,0,0
BRDA:29,6,1,0
BRDA:40,7,0,1
BRDA:40,7,1,3
BRDA:40,8,0,4
BRDA:40,8,1,3
BRDA:41,9,0,1
BRDA:41,9,1,0
BRDA:43,10,0,1
BRDA:43,10,1,0
BRDA:47,11,0,1
BRDA:47,11,1,0
BRDA:50,12,0,0
BRDA:50,12,1,0
BRDA:58,13,0,3
BRDA:58,13,1,0
BRDA:77,14,0,2
BRDA:77,14,1,0
BRDA:80,15,0,0
BRDA:80,15,1,0
BRDA:86,16,0,1
BRDA:86,16,1,0
BRDA:106,17,0,1
BRDA:106,17,1,0
BRDA:109,18,0,0
BRDA:109,18,1,0
BRDA:117,19,0,2
BRDA:117,19,1,0
BRDA:139,20,0,0
BRDA:139,20,1,0
BRDA:142,21,0,0
BRDA:142,21,1,0
BRDA:150,22,0,0
BRDA:150,22,1,0
BRF:42
BRH:18
end_of_record
TN:
SF:/home/rosita/SE2/PULSeBS/client/src/api/models/booking.js
FN:2,(anonymous_0)
FNF:1
FNH:1
FNDA:3,(anonymous_0)
DA:3,3
DA:4,3
DA:5,3
DA:6,3
DA:7,3
DA:8,3
DA:9,3
DA:10,0
DA:13,1
LF:9
LH:8
BRDA:7,0,0,3
BRDA:7,0,1,0
BRDA:9,1,0,0
BRDA:9,1,1,3
BRF:4
BRH:2
end_of_record
TN:
SF:/home/rosita/SE2/PULSeBS/client/src/api/models/course.js
FN:2,(anonymous_0)
FNF:1
FNH:0
FNDA:0,(anonymous_0)
DA:3,0
DA:4,0
DA:5,0
DA:6,0
DA:9,0
LF:5
LH:0
BRF:0
BRH:0
end_of_record
TN:
SF:/home/rosita/SE2/PULSeBS/client/src/api/models/extended_lecture.js
FN:58,(anonymous_0)
FNF:1
FNH:1
FNDA:7,(anonymous_0)
DA:1,1
DA:59,7
DA:60,7
DA:61,7
DA:62,7
DA:63,7
DA:64,7
DA:65,7
DA:66,7
DA:69,1
LF:10
LH:10
BRF:0
BRH:0
end_of_record
TN:
SF:/home/rosita/SE2/PULSeBS/client/src/api/models/lecture.js
FN:36,(anonymous_0)
FNF:1
FNH:1
FNDA:7,(anonymous_0)
DA:37,7
DA:38,7
DA:39,7
DA:40,7
DA:41,7
DA:42,7
DA:43,0
DA:46,1
LF:8
LH:7
BRDA:42,0,0,0
BRDA:42,0,1,7
BRF:2
BRH:1
end_of_record
TN:
SF:/home/rosita/SE2/PULSeBS/client/src/api/models/room.js
FN:2,(anonymous_0)
FNF:1
FNH:0
FNDA:0,(anonymous_0)
DA:3,0
DA:4,0
DA:5,0
DA:8,0
LF:4
LH:0
BRF:0
BRH:0
end_of_record
TN:
SF:/home/rosita/SE2/PULSeBS/client/src/api/models/user.js
FN:2,(anonymous_0)
FNF:1
FNH:0
FNDA:0,(anonymous_0)
DA:3,0
DA:4,0
DA:5,0
DA:6,0
DA:7,0
DA:8,0
DA:9,0
DA:12,0
LF:8
LH:0
BRF:0
BRH:0
end_of_record
TN:
SF:/home/rosita/SE2/PULSeBS/client/src/auth/AuthContext.js
FNF:0
FNH:0
DA:4,0
LF:1
LH:0
BRF:0
BRH:0
end_of_record
TN:
SF:/home/rosita/SE2/PULSeBS/client/src/components/Header.js
FN:9,(anonymous_0)
FN:13,(anonymous_1)
FN:34,(anonymous_2)
FNF:3
FNH:0
FNDA:0,(anonymous_0)
FNDA:0,(anonymous_1)
FNDA:0,(anonymous_2)
DA:9,0
DA:11,0
DA:15,0
DA:34,0
LF:4
LH:0
BRDA:31,0,0,0
BRDA:31,0,1,0
BRDA:36,1,0,0
BRDA:36,1,1,0
BRF:4
BRH:0
end_of_record
TN:
SF:/home/rosita/SE2/PULSeBS/client/src/components/LoginForm.js
FN:13,(anonymous_0)
FN:18,(anonymous_1)
FN:22,(anonymous_2)
FN:26,(anonymous_3)
FN:32,(anonymous_4)
FN:37,(anonymous_5)
FN:52,(anonymous_6)
FN:55,(anonymous_7)
FN:60,(anonymous_8)
FNF:9
FNH:0
FNDA:0,(anonymous_0)
FNDA:0,(anonymous_1)
FNDA:0,(anonymous_2)
FNDA:0,(anonymous_3)
FNDA:0,(anonymous_4)
FNDA:0,(anonymous_5)
FNDA:0,(anonymous_6)
FNDA:0,(anonymous_7)
FNDA:0,(anonymous_8)
DA:14,0
DA:15,0
DA:18,0
DA:19,0
DA:22,0
DA:23,0
DA:26,0
DA:27,0
DA:28,0
DA:29,0
DA:33,0
DA:34,0
DA:35,0
DA:38,0
DA:52,0
DA:55,0
DA:60,0
LF:17
LH:0
BRDA:33,0,0,0
BRDA:33,0,1,0
BRDA:67,1,0,0
BRDA:67,1,1,0
BRF:4
BRH:0
end_of_record
TN:
SF:/home/rosita/SE2/PULSeBS/client/src/components/StudentPage.js
FN:11,(anonymous_0)
FN:121,(anonymous_1)
FN:127,(anonymous_2)
FN:148,(anonymous_3)
FN:150,(anonymous_4)
FN:151,(anonymous_5)
FN:169,(anonymous_6)
FN:172,(anonymous_7)
FN:173,(anonymous_8)
FN:184,(anonymous_9)
FN:192,(anonymous_10)
FN:213,(anonymous_11)
FN:224,(anonymous_12)
FN:234,(anonymous_13)
FN:256,(anonymous_14)
FN:270,(anonymous_15)
FN:271,(anonymous_16)
FN:285,(anonymous_17)
FN:299,(anonymous_18)
FNF:19
FNH:0
FNDA:0,(anonymous_0)
FNDA:0,(anonymous_1)
FNDA:0,(anonymous_2)
FNDA:0,(anonymous_3)
FNDA:0,(anonymous_4)
FNDA:0,(anonymous_5)
FNDA:0,(anonymous_6)
FNDA:0,(anonymous_7)
FNDA:0,(anonymous_8)
FNDA:0,(anonymous_9)
FNDA:0,(anonymous_10)
FNDA:0,(anonymous_11)
FNDA:0,(anonymous_12)
FNDA:0,(anonymous_13)
FNDA:0,(anonymous_14)
FNDA:0,(anonymous_15)
FNDA:0,(anonymous_16)
FNDA:0,(anonymous_17)
FNDA:0,(anonymous_18)
DA:12,0
DA:14,0
DA:115,0
DA:116,0
DA:117,0
DA:118,0
DA:122,0
DA:123,0
DA:127,0
DA:129,0
DA:132,0
DA:133,0
DA:134,0
DA:137,0
DA:138,0
DA:139,0
DA:140,0
DA:142,0
DA:143,0
DA:144,0
DA:148,0
DA:149,0
DA:150,0
DA:151,0
DA:152,0
DA:153,0
DA:164,0
DA:169,0
DA:171,0
DA:172,0
DA:173,0
DA:174,0
DA:175,0
DA:177,0
DA:179,0
DA:184,0
DA:185,0
DA:193,0
DA:194,0
DA:215,0
DA:225,0
DA:226,0
DA:227,0
DA:234,0
DA:239,0
DA:256,0
DA:270,0
DA:271,0
DA:285,0
DA:299,0
LF:50
LH:0
BRDA:133,0,0,0
BRDA:133,0,1,0
BRDA:171,1,0,0
BRDA:171,1,1,0
BRDA:174,2,0,0
BRDA:174,2,1,0
BRDA:225,3,0,0
BRDA:225,3,1,0
BRDA:247,4,0,0
BRDA:247,4,1,0
BRDA:247,5,0,0
BRDA:247,5,1,0
BRDA:261,6,0,0
BRDA:261,6,1,0
BRDA:261,7,0,0
BRDA:261,7,1,0
BRDA:276,8,0,0
BRDA:276,8,1,0
BRDA:276,9,0,0
BRDA:276,9,1,0
BRDA:290,10,0,0
BRDA:290,10,1,0
BRDA:290,11,0,0
BRDA:290,11,1,0
BRF:24
BRH:0
end_of_record
